<?xml version="1.0" encoding="UTF-8"?>
<!-- Generated by org.testng.reporters.JUnitReportReporter -->
<testsuite skipped="0" hostname="DESKTOP-N308L1J" name="crmTest.LoginTest" tests="1" failures="0" timestamp="04 Jul 2020 18:46:08 GMT" time="17.161" errors="0">
  <testcase name="addCustomerTest" time="17.161" classname="crmTest.LoginTest"/>
</testsuite> <!-- crmTest.LoginTest -->
